<?xml version="1.0" encoding="UTF-8"?>
<!-- Generated by org.testng.reporters.JUnitReportReporter -->
<testsuite skipped="0" hostname="LAPTOP-GQ9IJ6GT" name="com.testng.org.ParameterizedTest" tests="1" failures="0" timestamp="2021-05-19T19:38:31 IST" time="0.122" errors="0">
  <testcase name="credential" time="0.122" classname="com.testng.org.ParameterizedTest"/>
</testsuite> <!-- com.testng.org.ParameterizedTest -->
