<?xml version="1.0" encoding="UTF-8"?>
<!-- Generated by org.testng.reporters.JUnitReportReporter -->
<testsuite skipped="0" hostname="LAPTOP-GQ9IJ6GT" name="com.testng.org.ParallelTest" tests="4" failures="0" timestamp="2021-05-22T19:27:26 IST" time="380.256" errors="0">
  <testcase name="amazon" time="93.051" classname="com.testng.org.ParallelTest"/>
  <testcase name="facebook" time="103.381" classname="com.testng.org.ParallelTest"/>
  <testcase name="instagram" time="32.494" classname="com.testng.org.ParallelTest"/>
  <testcase name="flipkart" time="151.330" classname="com.testng.org.ParallelTest"/>
</testsuite> <!-- com.testng.org.ParallelTest -->
