<?xml version="1.0" encoding="UTF-8"?>
<!-- Generated by org.testng.reporters.JUnitReportReporter -->
<testsuite skipped="0" hostname="LAPTOP-GQ9IJ6GT" name="com.testng.org.ExceptionTest" tests="2" failures="0" timestamp="2021-05-19T19:25:48 IST" time="0.091" errors="0">
  <testcase name="divide" time="0.026" classname="com.testng.org.ExceptionTest"/>
  <testcase name="add" time="0.065" classname="com.testng.org.ExceptionTest"/>
</testsuite> <!-- com.testng.org.ExceptionTest -->
