<?xml version="1.0" encoding="UTF-8"?>
<!-- Generated by org.testng.reporters.JUnitReportReporter -->
<testsuite skipped="0" hostname="LAPTOP-GQ9IJ6GT" name="com.testng.org.GroupingTest" tests="6" failures="0" timestamp="2021-05-22T19:44:04 IST" time="0.079" errors="0">
  <testcase name="postman" time="0.009" classname="com.testng.org.GroupingTest"/>
  <testcase name="mysql" time="0.003" classname="com.testng.org.GroupingTest"/>
  <testcase name="restAssured" time="0.011" classname="com.testng.org.GroupingTest"/>
  <testcase name="testNG" time="0.014" classname="com.testng.org.GroupingTest"/>
  <testcase name="sqlOracle" time="0.007" classname="com.testng.org.GroupingTest"/>
  <testcase name="cucumber" time="0.035" classname="com.testng.org.GroupingTest"/>
</testsuite> <!-- com.testng.org.GroupingTest -->
