<?xml version="1.0" encoding="UTF-8"?>
<!-- Generated by org.testng.reporters.JUnitReportReporter -->
<testsuite skipped="0" hostname="LAPTOP-GQ9IJ6GT" name="com.testng.org.DataProviderTest" tests="3" failures="0" timestamp="2021-05-19T19:46:37 IST" time="0.144" errors="0">
  <testcase name="credential" time="0.058" classname="com.testng.org.DataProviderTest"/>
  <testcase name="credential" time="0.069" classname="com.testng.org.DataProviderTest"/>
  <testcase name="credential" time="0.017" classname="com.testng.org.DataProviderTest"/>
</testsuite> <!-- com.testng.org.DataProviderTest -->
