<?xml version="1.0" encoding="UTF-8"?>
<!-- Generated by org.testng.reporters.JUnitReportReporter -->
<testsuite skipped="0" hostname="LAPTOP-GQ9IJ6GT" name="com.testng.org.SimpleAnnotation" tests="9" failures="0" timestamp="2021-05-17T19:47:21 IST" time="0.321" errors="0">
  <testcase name="login" time="0.090" classname="com.testng.org.SimpleAnnotation"/>
  <testcase name="login" time="0.055" classname="com.testng.org.SimpleAnnotation"/>
  <testcase name="login" time="0.013" classname="com.testng.org.SimpleAnnotation"/>
  <testcase name="searchLaptop" time="0.018" classname="com.testng.org.SimpleAnnotation"/>
  <testcase name="login" time="0.038" classname="com.testng.org.SimpleAnnotation"/>
  <testcase name="searchMobile" time="0.028" classname="com.testng.org.SimpleAnnotation"/>
  <testcase name="url" time="0.049" classname="com.testng.org.SimpleAnnotation"/>
  <testcase name="logout" time="0.013" classname="com.testng.org.SimpleAnnotation"/>
  <testcase name="login" time="0.017" classname="com.testng.org.SimpleAnnotation"/>
</testsuite> <!-- com.testng.org.SimpleAnnotation -->
