<?xml version="1.0" encoding="UTF-8"?>
<!-- Generated by org.testng.reporters.JUnitReportReporter -->
<testsuite skipped="0" hostname="LAPTOP-GQ9IJ6GT" name="com.testng.org.TimeOut" tests="1" failures="0" timestamp="2021-05-17T19:53:22 IST" time="3.059" errors="1">
  <testcase name="browserLaunch" time="3.059" classname="com.testng.org.TimeOut">
    <error type="org.testng.internal.thread.ThreadTimeoutException" message="Method com.testng.org.TimeOut.browserLaunch() didn&#039;t finish within the time-out 3000">
      <![CDATA[org.testng.internal.thread.ThreadTimeoutException: Method com.testng.org.TimeOut.browserLaunch() didn't finish within the time-out 3000
]]>
    </error>
  </testcase> <!-- browserLaunch -->
</testsuite> <!-- com.testng.org.TimeOut -->
